Building DAG of jobs...
Using shell: /usr/bin/bash
Provided cores: 16
Rules claiming more threads will be scaled down.
Job counts:
	count	jobs
	1	all
	2	blacklist_filter
	2	macs2_no_control
	5

[Wed Jul  1 16:57:55 2020]
rule macs2_no_control:
    input: treatments/GCLM_rep1.pruned.bam
    output: GCLM_rep1_macs2/GCLM_rep1_peaks.narrowPeak
    log: log/GCLM_rep1.macs2
    jobid: 3
    wildcards: sample=GCLM_rep1


[Wed Jul  1 16:57:55 2020]
rule macs2_no_control:
    input: treatments/GCLM_rep2.pruned.bam
    output: GCLM_rep2_macs2/GCLM_rep2_peaks.narrowPeak
    log: log/GCLM_rep2.macs2
    jobid: 4
    wildcards: sample=GCLM_rep2

[Wed Jul  1 16:57:56 2020]
Finished job 3.
1 of 5 steps (20%) done
[Wed Jul  1 16:57:56 2020]
Finished job 4.
2 of 5 steps (40%) done

[Wed Jul  1 16:57:56 2020]
rule blacklist_filter:
    input: GCLM_rep2_macs2/GCLM_rep2_peaks.narrowPeak
    output: GCLM_rep2_macs2/GCLM_rep2.BLfiltered.narrowPeak, GCLM_rep2_macs2/sample}.summits.BLfiltered.bed
    jobid: 2
    wildcards: sample=GCLM_rep2


[Wed Jul  1 16:57:56 2020]
rule blacklist_filter:
    input: GCLM_rep1_macs2/GCLM_rep1_peaks.narrowPeak
    output: GCLM_rep1_macs2/GCLM_rep1.BLfiltered.narrowPeak, GCLM_rep1_macs2/sample}.summits.BLfiltered.bed
    jobid: 1
    wildcards: sample=GCLM_rep1

[Wed Jul  1 16:57:56 2020]
Finished job 1.
3 of 5 steps (60%) done
[Wed Jul  1 16:57:56 2020]
Finished job 2.
4 of 5 steps (80%) done

[Wed Jul  1 16:57:56 2020]
localrule all:
    input: GCLM_rep1_macs2/GCLM_rep1.BLfiltered.narrowPeak, GCLM_rep2_macs2/GCLM_rep2.BLfiltered.narrowPeak
    jobid: 0

[Wed Jul  1 16:57:56 2020]
Finished job 0.
5 of 5 steps (100%) done
Complete log: /nfs/turbo/umms-ukarvind/tstephie/CBSR/rnaseq/snakeRNAseq/snakeseqtools/.snakemake/log/2020-07-01T165755.416363.snakemake.log
