Building DAG of jobs...
Using shell: /usr/bin/bash
Provided cores: 16
Rules claiming more threads will be scaled down.
Job counts:
	count	jobs
	1	all
	2	index_bam
	2	mapReads_bowtie2_pe
	2	sort_bam
	2	trim_fastqc_pe
	9

[Wed Jul  1 15:46:29 2020]
rule trim_fastqc_pe:
    input: input/GCLM_rep1_1.fq.gz, input/GCLM_rep1_2.fq.gz
    output: trimmed/GCLM_rep1_1_val_1.fq.gz, trimmed/GCLM_rep1_2_val_2.fq.gz, trimmed/GCLM_rep1_1.fq.gz_trimming_report.txt, trimmed/GCLM_rep1_2.fq.gz_trimming_report.txt
    log: log/GCLM_rep1.trimgalore
    jobid: 7
    wildcards: sample=GCLM_rep1


[Wed Jul  1 15:46:29 2020]
rule trim_fastqc_pe:
    input: input/GCLM_rep2_1.fq.gz, input/GCLM_rep2_2.fq.gz
    output: trimmed/GCLM_rep2_1_val_1.fq.gz, trimmed/GCLM_rep2_2_val_2.fq.gz, trimmed/GCLM_rep2_1.fq.gz_trimming_report.txt, trimmed/GCLM_rep2_2.fq.gz_trimming_report.txt
    log: log/GCLM_rep2.trimgalore
    jobid: 8
    wildcards: sample=GCLM_rep2

[Wed Jul  1 15:47:45 2020]
Finished job 8.
1 of 9 steps (11%) done

[Wed Jul  1 15:47:45 2020]
rule mapReads_bowtie2_pe:
    input: trimmed/GCLM_rep2_1_val_1.fq.gz, trimmed/GCLM_rep2_2_val_2.fq.gz
    output: mappedReads_bowtie2/GCLM_rep2.sam
    log: log/GCLM_rep2.bowtie
    jobid: 6
    wildcards: sample=GCLM_rep2

[Wed Jul  1 15:47:56 2020]
Finished job 7.
2 of 9 steps (22%) done

[Wed Jul  1 15:47:56 2020]
rule mapReads_bowtie2_pe:
    input: trimmed/GCLM_rep1_1_val_1.fq.gz, trimmed/GCLM_rep1_2_val_2.fq.gz
    output: mappedReads_bowtie2/GCLM_rep1.sam
    log: log/GCLM_rep1.bowtie
    jobid: 5
    wildcards: sample=GCLM_rep1

[Wed Jul  1 15:56:11 2020]
Finished job 6.
3 of 9 steps (33%) done

[Wed Jul  1 15:56:11 2020]
rule sort_bam:
    input: mappedReads_bowtie2/GCLM_rep2.sam
    output: sorted/GCLM_rep2.sorted.bam
    log: log/GCLM_rep2.sort
    jobid: 4
    wildcards: sample=GCLM_rep2

[Wed Jul  1 15:56:34 2020]
Finished job 5.
4 of 9 steps (44%) done

[Wed Jul  1 15:56:34 2020]
rule sort_bam:
    input: mappedReads_bowtie2/GCLM_rep1.sam
    output: sorted/GCLM_rep1.sorted.bam
    log: log/GCLM_rep1.sort
    jobid: 3
    wildcards: sample=GCLM_rep1

[Wed Jul  1 15:56:40 2020]
Finished job 4.
5 of 9 steps (56%) done

[Wed Jul  1 15:56:40 2020]
rule index_bam:
    input: sorted/GCLM_rep2.sorted.bam
    output: sorted/GCLM_rep2.sorted.bam.bai
    log: log/GCLM_rep2.index_bam
    jobid: 2
    wildcards: sample=GCLM_rep2

[Wed Jul  1 15:56:41 2020]
Finished job 2.
6 of 9 steps (67%) done
[Wed Jul  1 15:57:02 2020]
Finished job 3.
7 of 9 steps (78%) done

[Wed Jul  1 15:57:02 2020]
rule index_bam:
    input: sorted/GCLM_rep1.sorted.bam
    output: sorted/GCLM_rep1.sorted.bam.bai
    log: log/GCLM_rep1.index_bam
    jobid: 1
    wildcards: sample=GCLM_rep1

[Wed Jul  1 15:57:03 2020]
Finished job 1.
8 of 9 steps (89%) done

[Wed Jul  1 15:57:03 2020]
localrule all:
    input: sorted/GCLM_rep1.sorted.bam.bai, sorted/GCLM_rep2.sorted.bam.bai
    jobid: 0

[Wed Jul  1 15:57:03 2020]
Finished job 0.
9 of 9 steps (100%) done
Complete log: /nfs/turbo/umms-ukarvind/tstephie/CBSR/rnaseq/snakeRNAseq/snakeseqtools/.snakemake/log/2020-07-01T154629.203634.snakemake.log
